This is pdfTeX, Version 3.14159265-2.6-1.40.17 (TeX Live 2016/Debian) (preloaded format=latex 2018.1.20)  2 MAY 2018 13:47
entering extended mode
 restricted \write18 enabled.
 %&-line parsing enabled.
**homework.tex
(./homework.tex
LaTeX2e <2017/01/01> patch level 3
Babel <3.9r> and hyphenation patterns for 3 language(s) loaded.
(/usr/share/texlive/texmf-dist/tex/latex/IEEEtran/IEEEtran.cls
Document Class: IEEEtran 2015/08/26 V1.8b by Michael Shell
-- See the "IEEEtran_HOWTO" manual for usage information.
-- http://www.michaelshell.org/tex/ieeetran/
\@IEEEtrantmpdimenA=\dimen102
\@IEEEtrantmpdimenB=\dimen103
\@IEEEtrantmpdimenC=\dimen104
\@IEEEtrantmpcountA=\count79
\@IEEEtrantmpcountB=\count80
\@IEEEtrantmpcountC=\count81
\@IEEEtrantmptoksA=\toks14
LaTeX Font Info:    Try loading font information for OT1+ptm on input line 503.

(/usr/share/texlive/texmf-dist/tex/latex/psnfss/ot1ptm.fd
File: ot1ptm.fd 2001/06/04 font definitions for OT1/ptm.
)
-- Using 8.5in x 11in (letter) paper.
-- Using DVI output.
\@IEEEnormalsizeunitybaselineskip=\dimen105
-- This is a 12 point document.
\CLASSINFOnormalsizebaselineskip=\dimen106
\CLASSINFOnormalsizeunitybaselineskip=\dimen107
\IEEEnormaljot=\dimen108
LaTeX Font Info:    Font shape `OT1/ptm/bx/n' in size <6> not available
(Font)              Font shape `OT1/ptm/b/n' tried instead on input line 1090.
LaTeX Font Info:    Font shape `OT1/ptm/bx/it' in size <6> not available
(Font)              Font shape `OT1/ptm/b/it' tried instead on input line 1090.

LaTeX Font Info:    Font shape `OT1/ptm/bx/n' in size <8> not available
(Font)              Font shape `OT1/ptm/b/n' tried instead on input line 1090.
LaTeX Font Info:    Font shape `OT1/ptm/bx/it' in size <8> not available
(Font)              Font shape `OT1/ptm/b/it' tried instead on input line 1090.

LaTeX Font Info:    Font shape `OT1/ptm/bx/n' in size <9> not available
(Font)              Font shape `OT1/ptm/b/n' tried instead on input line 1090.
LaTeX Font Info:    Font shape `OT1/ptm/bx/it' in size <9> not available
(Font)              Font shape `OT1/ptm/b/it' tried instead on input line 1090.

LaTeX Font Info:    Font shape `OT1/ptm/bx/n' in size <10> not available
(Font)              Font shape `OT1/ptm/b/n' tried instead on input line 1090.
LaTeX Font Info:    Font shape `OT1/ptm/bx/it' in size <10> not available
(Font)              Font shape `OT1/ptm/b/it' tried instead on input line 1090.

LaTeX Font Info:    Font shape `OT1/ptm/bx/n' in size <12> not available
(Font)              Font shape `OT1/ptm/b/n' tried instead on input line 1090.
LaTeX Font Info:    Font shape `OT1/ptm/bx/it' in size <12> not available
(Font)              Font shape `OT1/ptm/b/it' tried instead on input line 1090.

LaTeX Font Info:    Font shape `OT1/ptm/bx/n' in size <14> not available
(Font)              Font shape `OT1/ptm/b/n' tried instead on input line 1090.
LaTeX Font Info:    Font shape `OT1/ptm/bx/it' in size <14> not available
(Font)              Font shape `OT1/ptm/b/it' tried instead on input line 1090.

LaTeX Font Info:    Font shape `OT1/ptm/bx/n' in size <20> not available
(Font)              Font shape `OT1/ptm/b/n' tried instead on input line 1090.
LaTeX Font Info:    Font shape `OT1/ptm/bx/it' in size <20> not available
(Font)              Font shape `OT1/ptm/b/it' tried instead on input line 1090.

LaTeX Font Info:    Font shape `OT1/ptm/bx/n' in size <22> not available
(Font)              Font shape `OT1/ptm/b/n' tried instead on input line 1090.
LaTeX Font Info:    Font shape `OT1/ptm/bx/it' in size <22> not available
(Font)              Font shape `OT1/ptm/b/it' tried instead on input line 1090.

LaTeX Font Info:    Font shape `OT1/ptm/bx/n' in size <24> not available
(Font)              Font shape `OT1/ptm/b/n' tried instead on input line 1090.
LaTeX Font Info:    Font shape `OT1/ptm/bx/it' in size <24> not available
(Font)              Font shape `OT1/ptm/b/it' tried instead on input line 1090.

\IEEEquantizedlength=\dimen109
\IEEEquantizedlengthdiff=\dimen110
\IEEEquantizedtextheightdiff=\dimen111
\IEEEilabelindentA=\dimen112
\IEEEilabelindentB=\dimen113
\IEEEilabelindent=\dimen114
\IEEEelabelindent=\dimen115
\IEEEdlabelindent=\dimen116
\IEEElabelindent=\dimen117
\IEEEiednormlabelsep=\dimen118
\IEEEiedmathlabelsep=\dimen119
\IEEEiedtopsep=\skip41
\c@section=\count82
\c@subsection=\count83
\c@subsubsection=\count84
\c@paragraph=\count85
\c@IEEEsubequation=\count86
\abovecaptionskip=\skip42
\belowcaptionskip=\skip43
\c@figure=\count87
\c@table=\count88
\@IEEEeqnnumcols=\count89
\@IEEEeqncolcnt=\count90
\@IEEEsubeqnnumrollback=\count91
\@IEEEquantizeheightA=\dimen120
\@IEEEquantizeheightB=\dimen121
\@IEEEquantizeheightC=\dimen122
\@IEEEquantizeprevdepth=\dimen123
\@IEEEquantizemultiple=\count92
\@IEEEquantizeboxA=\box26
\@IEEEtmpitemindent=\dimen124
\IEEEPARstartletwidth=\dimen125
\c@IEEEbiography=\count93
\@IEEEtranrubishbin=\box27
) (/usr/share/texlive/texmf-dist/tex/latex/amsmath/amsmath.sty
Package: amsmath 2016/11/05 v2.16a AMS math features
\@mathmargin=\skip44

For additional information on amsmath, use the `?' option.
(/usr/share/texlive/texmf-dist/tex/latex/amsmath/amstext.sty
Package: amstext 2000/06/29 v2.01 AMS text

(/usr/share/texlive/texmf-dist/tex/latex/amsmath/amsgen.sty
File: amsgen.sty 1999/11/30 v2.0 generic functions
\@emptytoks=\toks15
\ex@=\dimen126
))
(/usr/share/texlive/texmf-dist/tex/latex/amsmath/amsbsy.sty
Package: amsbsy 1999/11/29 v1.2d Bold Symbols
\pmbraise@=\dimen127
)
(/usr/share/texlive/texmf-dist/tex/latex/amsmath/amsopn.sty
Package: amsopn 2016/03/08 v2.02 operator names
)
\inf@bad=\count94
LaTeX Info: Redefining \frac on input line 213.
\uproot@=\count95
\leftroot@=\count96
LaTeX Info: Redefining \overline on input line 375.
\classnum@=\count97
\DOTSCASE@=\count98
LaTeX Info: Redefining \ldots on input line 472.
LaTeX Info: Redefining \dots on input line 475.
LaTeX Info: Redefining \cdots on input line 596.
\Mathstrutbox@=\box28
\strutbox@=\box29
\big@size=\dimen128
LaTeX Font Info:    Redeclaring font encoding OML on input line 712.
LaTeX Font Info:    Redeclaring font encoding OMS on input line 713.
\macc@depth=\count99
\c@MaxMatrixCols=\count100
\dotsspace@=\muskip10
\c@parentequation=\count101
\dspbrk@lvl=\count102
\tag@help=\toks16
\row@=\count103
\column@=\count104
\maxfields@=\count105
\andhelp@=\toks17
\eqnshift@=\dimen129
\alignsep@=\dimen130
\tagshift@=\dimen131
\tagwidth@=\dimen132
\totwidth@=\dimen133
\lineht@=\dimen134
\@envbody=\toks18
\multlinegap=\skip45
\multlinetaggap=\skip46
\mathdisplay@stack=\toks19
LaTeX Info: Redefining \[ on input line 2817.
LaTeX Info: Redefining \] on input line 2818.
)
(/usr/share/texlive/texmf-dist/tex/latex/tools/multicol.sty
Package: multicol 2016/04/07 v1.8p multicolumn formatting (FMi)
\c@tracingmulticols=\count106


Package multicol Warning: May not work with the twocolumn option on input line 
134.

\mult@box=\box30
\multicol@leftmargin=\dimen135
\c@unbalance=\count107
\c@collectmore=\count108
\doublecol@number=\count109
\multicoltolerance=\count110
\multicolpretolerance=\count111
\full@width=\dimen136
\page@free=\dimen137
\premulticols=\dimen138
\postmulticols=\dimen139
\multicolsep=\skip47
\multicolbaselineskip=\skip48
\partial@page=\box31
\last@line=\box32
\maxbalancingoverflow=\dimen140
\mult@rightbox=\box33
\mult@grightbox=\box34
\mult@gfirstbox=\box35
\mult@firstbox=\box36
\@tempa=\box37
\@tempa=\box38
\@tempa=\box39
\@tempa=\box40
\@tempa=\box41
\@tempa=\box42
\@tempa=\box43
\@tempa=\box44
\@tempa=\box45
\@tempa=\box46
\@tempa=\box47
\@tempa=\box48
\@tempa=\box49
\@tempa=\box50
\@tempa=\box51
\@tempa=\box52
\@tempa=\box53
\c@columnbadness=\count112
\c@finalcolumnbadness=\count113
\last@try=\dimen141
\multicolovershoot=\dimen142
\multicolundershoot=\dimen143
\mult@nat@firstbox=\box54
\colbreak@box=\box55
\mc@col@check@num=\count114
) (/usr/share/texlive/texmf-dist/tex/latex/tools/enumerate.sty
Package: enumerate 2015/07/23 v3.00 enumerate extensions (DPC)
\@enLab=\toks20
)
(/usr/share/texlive/texmf-dist/tex/latex/amsfonts/amssymb.sty
Package: amssymb 2013/01/14 v3.01 AMS font symbols

(/usr/share/texlive/texmf-dist/tex/latex/amsfonts/amsfonts.sty
Package: amsfonts 2013/01/14 v3.01 Basic AMSFonts support
\symAMSa=\mathgroup4
\symAMSb=\mathgroup5
LaTeX Font Info:    Overwriting math alphabet `\mathfrak' in version `bold'
(Font)                  U/euf/m/n --> U/euf/b/n on input line 106.
))
(/home/linaro/texmf/tex/latex/iithtlc/iithtlc.sty
Package: iithtlc 10/04/2016 IITH TLC

(/usr/share/texlive/texmf-dist/tex/latex/graphics/graphicx.sty
Package: graphicx 2014/10/28 v1.0g Enhanced LaTeX Graphics (DPC,SPQR)

(/usr/share/texlive/texmf-dist/tex/latex/graphics/keyval.sty
Package: keyval 2014/10/28 v1.15 key=value parser (DPC)
\KV@toks@=\toks21
)
(/usr/share/texlive/texmf-dist/tex/latex/graphics/graphics.sty
Package: graphics 2016/10/09 v1.0u Standard LaTeX Graphics (DPC,SPQR)

(/usr/share/texlive/texmf-dist/tex/latex/graphics/trig.sty
Package: trig 2016/01/03 v1.10 sin cos tan (DPC)
)
(/usr/share/texlive/texmf-dist/tex/latex/graphics-cfg/graphics.cfg
File: graphics.cfg 2016/06/04 v1.11 sample graphics configuration
)
Package graphics Info: Driver file: dvips.def on input line 99.

(/usr/share/texlive/texmf-dist/tex/latex/graphics-def/dvips.def
File: dvips.def 2016/07/10 v3.1a Driver-dependent file (DPC,SPQR)
))
\Gin@req@height=\dimen144
\Gin@req@width=\dimen145
))
(/usr/share/texlive/texmf-dist/tex/latex/url/url.sty
\Urlmuskip=\muskip11
Package: url 2013/09/16  ver 3.4  Verb mode for urls, etc.
) (./homework.aux)
\openout1 = `homework.aux'.

LaTeX Font Info:    Checking defaults for OML/cmm/m/it on input line 12.
LaTeX Font Info:    ... okay on input line 12.
LaTeX Font Info:    Checking defaults for T1/cmr/m/n on input line 12.
LaTeX Font Info:    ... okay on input line 12.
LaTeX Font Info:    Checking defaults for OT1/cmr/m/n on input line 12.
LaTeX Font Info:    ... okay on input line 12.
LaTeX Font Info:    Checking defaults for OMS/cmsy/m/n on input line 12.
LaTeX Font Info:    ... okay on input line 12.
LaTeX Font Info:    Checking defaults for OMX/cmex/m/n on input line 12.
LaTeX Font Info:    ... okay on input line 12.
LaTeX Font Info:    Checking defaults for U/cmr/m/n on input line 12.
LaTeX Font Info:    ... okay on input line 12.

-- Lines per column: 50 (exact).
LaTeX Font Info:    Calculating math sizes for size <14> on input line 52.
LaTeX Font Info:    Try loading font information for U+msa on input line 52.
(/usr/share/texlive/texmf-dist/tex/latex/amsfonts/umsa.fd
File: umsa.fd 2013/01/14 v3.01 AMS symbols A
)
LaTeX Font Info:    Try loading font information for U+msb on input line 52.

(/usr/share/texlive/texmf-dist/tex/latex/amsfonts/umsb.fd
File: umsb.fd 2013/01/14 v3.01 AMS symbols B
)
File: ./figs/figure1.eps Graphic file (type eps)

<./figs/figure1.eps>

LaTeX Font Warning: Command \large invalid in math mode on input line 74.


LaTeX Font Warning: Command \large invalid in math mode on input line 74.


Underfull \hbox (badness 1360) in paragraph at lines 74--76
\OT1/ptm/m/n/12 con-stant c. The prob-lem is to de-rive the
 []


Underfull \hbox (badness 10000) in paragraph at lines 74--76

 []


Underfull \hbox (badness 10000) in paragraph at lines 89--90

 []


Underfull \hbox (badness 10000) in paragraph at lines 92--94

 []


Overfull \hbox (150.33333pt too wide) detected at line 96
\OML/cmm/m/it/12 f[] \OT1/cmr/m/n/12 = [] \OML/cmm/m/it/12 f[] \OT1/cmr/m/n/12 
= []\OML/cmm/m/it/12 exp\OT1/cmr/m/n/12 [\OMS/cmsy/m/n/12 ^^@  [] []\OML/cmm/m/
it/12 =[]\OT1/cmr/m/n/12 ]
 []


Overfull \hbox (73.98694pt too wide) detected at line 105
[] \OT1/cmr/m/n/12 = []  [] \OML/cmm/m/it/12 x[]; \OT1/cmr/m/n/12 ([])[] = []  
[]([] \OMS/cmsy/m/n/12 ^^@ []\OT1/cmr/m/n/12 )[]
 []

[1


]
Underfull \hbox (badness 10000) in paragraph at lines 105--107

 []


Underfull \hbox (badness 3758) in paragraph at lines 108--109
[]\OT1/ptm/m/n/12 Recursive com-pu-ta-tion of $[]$ and
 []


Underfull \hbox (badness 10000) in paragraph at lines 109--110

 []


Overfull \hbox (12.29074pt too wide) detected at line 110
[][] \OT1/cmr/m/n/12 = [][(\OML/cmm/m/it/12 N \OMS/cmsy/m/n/12 ^^@ \OT1/cmr/m/n
/12 1)[][] + [](\OML/cmm/m/it/12 x[] \OMS/cmsy/m/n/12 ^^@ \OML/cmm/m/it/12 m[]\
OT1/cmr/m/n/12 )[]]
 []


Underfull \hbox (badness 10000) in paragraph at lines 116--117

 []


Underfull \hbox (badness 10000) in paragraph at lines 117--119

 []


Underfull \hbox (badness 1675) in paragraph at lines 120--122
\OT1/ptm/m/n/12 di-men-sional $\OML/cmm/m/it/12 l[]$ \OT1/ptm/m/n/12 ap-prox-i-
ma-tion prob-lems
 []


Underfull \hbox (badness 10000) in paragraph at lines 123--125

 []


Underfull \hbox (badness 2556) in paragraph at lines 162--163
[]\OT1/ptm/m/n/12 Let the SVD of an m$\OMS/cmsy/m/n/12 ^^B$\OT1/ptm/m/n/12 n ma
-trix A be
 []

[2]
Underfull \hbox (badness 10000) in paragraph at lines 183--186

 []


Overfull \hbox (67.5024pt too wide) detected at line 204
[][] \OT1/cmr/m/n/12 = [][[][]\OML/cmm/m/it/12 y\OT1/cmr/m/n/12 (\OML/cmm/m/it/
12 j\OT1/cmr/m/n/12 )]\OML/cmm/m/it/12 ; k \OT1/cmr/m/n/12 = 0\OML/cmm/m/it/12 
; \OT1/cmr/m/n/12 1\OML/cmm/m/it/12 ; :::N \OMS/cmsy/m/n/12 ^^@ \OT1/cmr/m/n/12
 1
 []


Underfull \hbox (badness 10000) in paragraph at lines 204--206

 []


Underfull \hbox (badness 1565) in paragraph at lines 207--208
\OT1/ptm/m/n/12 true co-vari-ance pa-ram-e-ter $\OML/cmm/m/it/12 r\OT1/cmr/m/n/
12 (\OML/cmm/m/it/12 k\OT1/cmr/m/n/12 ) =
 []


Overfull \hbox (67.5024pt too wide) detected at line 212
\OML/cmm/m/it/12 r[][] \OT1/cmr/m/n/12 = [][[][]\OML/cmm/m/it/12 y\OT1/cmr/m/n/
12 (\OML/cmm/m/it/12 j\OT1/cmr/m/n/12 )]\OML/cmm/m/it/12 ; k \OT1/cmr/m/n/12 = 
0\OML/cmm/m/it/12 ; \OT1/cmr/m/n/12 1\OML/cmm/m/it/12 ; :::N \OMS/cmsy/m/n/12 ^
^@ \OT1/cmr/m/n/12 1
 []


Underfull \hbox (badness 10000) in paragraph at lines 212--213

 []


Underfull \hbox (badness 5274) in paragraph at lines 215--218
[]\OT1/ptm/m/n/12 Show that the co-vari-ance ma-trix
 []


Underfull \hbox (badness 6641) in paragraph at lines 215--218
\OT1/ptm/m/n/12 con-structed us-ing $[][]$ is non-
 []


Underfull \hbox (badness 10000) in paragraph at lines 215--218

 []

Missing character: There is no â in font cmr12!
Missing character: There is no ˆ in font cmr12!
Missing character: There is no ’ in font cmr12!

Underfull \hbox (badness 10000) in paragraph at lines 221--222
\OT1/ptm/m/n/12 sta-tion-ary zero mean pro-cesses with
 []

Missing character: There is no â in font ptmb7t!
Missing character: There is no € in font ptmb7t!
Missing character: There is no ™ in font ptmb7t!
Missing character: There is no â in font ptmr7t!
Missing character: There is no € in font ptmr7t!
Missing character: There is no ™ in font ptmr7t!
Missing character: There is no â in font ptmr7t!
Missing character: There is no € in font ptmr7t!
Missing character: There is no ™ in font ptmr7t!
[3]
Missing character: There is no Â in font ptmr7t!
Missing character: There is no · in font ptmr7t!
Missing character: There is no â in font ptmr7t!
Missing character: There is no € in font ptmr7t!
Missing character: There is no ™ in font ptmr7t!

Underfull \hbox (badness 10000) in paragraph at lines 279--280

 []


Overfull \hbox (18.712pt too wide) detected at line 280
\OT1/cmr/m/n/12 ^^E(\OML/cmm/m/it/12 k \OT1/cmr/m/n/12 + 1) = \OML/cmm/m/it/12 
F\OT1/cmr/m/n/12 (\OML/cmm/m/it/12 k\OT1/cmr/m/n/12 )^^E(\OML/cmm/m/it/12 k\OT1
/cmr/m/n/12 )[] + \OML/cmm/m/it/12 G\OT1/cmr/m/n/12 (\OML/cmm/m/it/12 k\OT1/cmr
/m/n/12 )\OML/cmm/m/it/12 Q\OT1/cmr/m/n/12 (\OML/cmm/m/it/12 k\OT1/cmr/m/n/12 )
\OML/cmm/m/it/12 G[]\OT1/cmr/m/n/12 (\OML/cmm/m/it/12 k\OT1/cmr/m/n/12 )
 []


Underfull \hbox (badness 10000) in paragraph at lines 282--283

 []


Overfull \hbox (45.30894pt too wide) detected at line 289
[] \OT1/cmr/m/n/12 = \OML/cmm/m/it/12 A[] \OMS/cmsy/m/n/12 ^^@ \OML/cmm/m/it/12
 A[]B[][]DA[]
 []


Overfull \hbox (65.43231pt too wide) detected at line 293
\OML/cmm/m/it/12 P\OT1/cmr/m/n/12 (\OML/cmm/m/it/12 k\OMS/cmsy/m/n/12 j\OML/cmm
/m/it/12 k\OT1/cmr/m/n/12 ) = \OML/cmm/m/it/12 P\OT1/cmr/m/n/12 (\OML/cmm/m/it/
12 k\OMS/cmsy/m/n/12 j[]\OT1/cmr/m/n/12 ) \OMS/cmsy/m/n/12 ^^@ \OML/cmm/m/it/12
 P\OT1/cmr/m/n/12 (\OML/cmm/m/it/12 k\OMS/cmsy/m/n/12 j[]\OT1/cmr/m/n/12 )\OML/
cmm/m/it/12 H[][][]\OT1/cmr/m/n/12 (\OML/cmm/m/it/12 k\OT1/cmr/m/n/12 )\OML/cmm
/m/it/12 HP\OT1/cmr/m/n/12 (\OML/cmm/m/it/12 k\OMS/cmsy/m/n/12 j[]\OT1/cmr/m/n/
12 )
 []


Underfull \hbox (badness 10000) in paragraph at lines 293--294

 []


Underfull \hbox (badness 5302) in paragraph at lines 294--299
\OT1/ptm/m/n/12 Let the fil-tered es-ti-mate be $[] []
 []


Overfull \hbox (100.81792pt too wide) in paragraph at lines 305--305
[] 
 []

[4]
Underfull \hbox (badness 1755) in paragraph at lines 319--324
\OT1/ptm/m/n/12 the method of, what was re-ferred to as,
 []


Underfull \hbox (badness 4048) in paragraph at lines 319--324
\OT1/ptm/m/it/12 gra-di-ent de-scent\OT1/ptm/m/n/12 .In lit-er-a-ture, the meth
od
 []


Underfull \hbox (badness 3058) in paragraph at lines 319--324
\OT1/ptm/m/n/12 of steep-est de-scent is talked about very
 []


Underfull \hbox (badness 4217) in paragraph at lines 319--324
\OT1/ptm/m/n/12 de-scent, one solves an-other min-i-miza-tion
 []


Underfull \hbox (badness 10000) in paragraph at lines 319--324

 []


Underfull \hbox (badness 10000) in paragraph at lines 324--327

 []


Underfull \hbox (badness 4366) in paragraph at lines 327--330
\OT1/ptm/m/n/12 Now $\OML/cmm/m/it/12 ^^V$ \OT1/ptm/m/n/12 is se-lected such th
at $[]\OT1/cmr/m/n/12 (\OML/cmm/m/it/12 n\OT1/cmr/m/n/12 ) =
 []

Missing character: There is no â in font ptmr7t!
Missing character: There is no € in font ptmr7t!
Missing character: There is no “ in font ptmr7t!

Underfull \hbox (badness 1596) in paragraph at lines 339--343
[]\OT1/ptm/m/n/12 Using the data given to you in Prob-lem
 []


Underfull \hbox (badness 10000) in paragraph at lines 339--343

 []


Overfull \hbox (56.8179pt too wide) detected at line 343
\OML/cmm/m/it/12 H\OT1/cmr/m/n/12 (\OML/cmm/m/it/12 z\OT1/cmr/m/n/12 ) = []
 []


Underfull \hbox (badness 1824) in paragraph at lines 347--348
[]\OT1/ptm/m/n/12 Generate the data for LMS al-go-rithm
 []


Underfull \hbox (badness 10000) in paragraph at lines 347--348

 []

[5]
Underfull \hbox (badness 10000) in paragraph at lines 358--359

 []


Underfull \hbox (badness 10000) in paragraph at lines 359--360

 []


Underfull \hbox (badness 1472) in paragraph at lines 366--368
\OT1/ptm/m/n/12 Let all the vari-ables in the al-go-rithm be
 []


Underfull \hbox (badness 3954) in paragraph at lines 366--368
\OT1/ptm/m/n/12 terms like $\OML/cmm/m/it/12 A[]$\OT1/ptm/m/n/12 , it will get 
re-placed by
 []


Underfull \hbox (badness 10000) in paragraph at lines 366--368

 []


Overfull \hbox (13.80984pt too wide) in paragraph at lines 379--379
[] 
 []


Underfull \hbox (badness 10000) in paragraph at lines 395--397

 []


Underfull \hbox (badness 4927) in paragraph at lines 414--415
[]\OT1/ptm/m/n/12 noise3.wav and sig-nal noise3.wav
 []

[6]
Underfull \hbox (badness 6428) in paragraph at lines 428--430
[]\OT1/ptm/m/it/12 An al-ter-nate as-pect of the con-ver-gence
 []


Underfull \hbox (badness 10000) in paragraph at lines 428--430

 []


Overfull \hbox (11.19666pt too wide) detected at line 438
\OML/cmm/m/it/12 W\OT1/cmr/m/n/12 (\OML/cmm/m/it/12 n\OT1/cmr/m/n/12 ) = [ [] \
OML/cmm/m/it/12 X\OT1/cmr/m/n/12 (\OML/cmm/m/it/12 k\OT1/cmr/m/n/12 )\OML/cmm/m
/it/12 X[]\OT1/cmr/m/n/12 (\OML/cmm/m/it/12 k\OT1/cmr/m/n/12 )][][ [] \OML/cmm/
m/it/12 X\OT1/cmr/m/n/12 (\OML/cmm/m/it/12 k\OT1/cmr/m/n/12 )\OML/cmm/m/it/12 d
\OT1/cmr/m/n/12 (\OML/cmm/m/it/12 k\OT1/cmr/m/n/12 )]
 []


Underfull \hbox (badness 10000) in paragraph at lines 438--439

 []


Underfull \hbox (badness 10000) in paragraph at lines 442--443
[]\OT1/ptm/m/n/12 In a de-ter-min-is-tic sense,
 []


Underfull \hbox (badness 10000) in paragraph at lines 442--443
\OT1/ptm/m/n/12 show that $\OML/cmm/m/it/12 W\OT1/cmr/m/n/12 (\OML/cmm/m/it/12 
n\OT1/cmr/m/n/12 ) \OMS/cmsy/m/n/12 ! \OML/cmm/m/it/12 W[]$ \OT1/ptm/m/n/12 if
 []


Underfull \hbox (badness 10000) in paragraph at lines 442--443

 []


Underfull \hbox (badness 10000) in paragraph at lines 444--445
[]\OT1/ptm/m/n/12 Start with the fol-low-ing non-recursive
 []


Underfull \hbox (badness 10000) in paragraph at lines 444--445

 []


Overfull \hbox (22.09344pt too wide) detected at line 445
\OML/cmm/m/it/12 W\OT1/cmr/m/n/12 (\OML/cmm/m/it/12 n\OT1/cmr/m/n/12 ) = [\OML/
cmm/m/it/12 ^^NI \OT1/cmr/m/n/12 +  [] \OML/cmm/m/it/12 X\OT1/cmr/m/n/12 (\OML/
cmm/m/it/12 i\OT1/cmr/m/n/12 )\OML/cmm/m/it/12 X[]\OT1/cmr/m/n/12 (\OML/cmm/m/i
t/12 i\OT1/cmr/m/n/12 )][][ [] \OML/cmm/m/it/12 X\OT1/cmr/m/n/12 (\OML/cmm/m/it
/12 i\OT1/cmr/m/n/12 )\OML/cmm/m/it/12 d\OT1/cmr/m/n/12 (\OML/cmm/m/it/12 i\OT1
/cmr/m/n/12 )]
 []


Underfull \hbox (badness 10000) in paragraph at lines 445--446

 []


Underfull \hbox (badness 10000) in paragraph at lines 446--447

 []


Underfull \hbox (badness 10000) in paragraph at lines 450--451

 []


Overfull \hbox (88.32506pt too wide) detected at line 451
\OML/cmm/m/it/12 x\OT1/cmr/m/n/12 (\OML/cmm/m/it/12 n\OT1/cmr/m/n/12 ) + \OML/c
mm/m/it/12 a[]x[]a[]x[]a[]x[] \OT1/cmr/m/n/12 + \OML/cmm/m/it/12 a[]x[] \OT1/cm
r/m/n/12 = \OML/cmm/m/it/12 v\OT1/cmr/m/n/12 (\OML/cmm/m/it/12 n\OT1/cmr/m/n/12
 )
 []

Missing character: There is no â in font cmr12!
Missing character: There is no ˆ in font cmr12!
Missing character: There is no ’ in font cmr12!

Overfull \hbox (170.77463pt too wide) detected at line 461
\OML/cmm/m/it/12 W\OT1/cmr/m/n/12 (\OML/cmm/m/it/12 n \OT1/cmr/m/n/12 + 1) = \O
ML/cmm/m/it/12 W\OT1/cmr/m/n/12 (\OML/cmm/m/it/12 n\OT1/cmr/m/n/12 ) + [](\OML/
cmm/m/it/12 d\OT1/cmr/m/n/12 (\OML/cmm/m/it/12 n\OT1/cmr/m/n/12 ) \OMS/cmsy/m/n
/12 ^^@ \OML/cmm/m/it/12 X[][]W\OT1/cmr/m/n/12 (\OML/cmm/m/it/12 n\OT1/cmr/m/n/
12 ))\OML/cmm/m/it/12 ; W\OT1/cmr/m/n/12 (0) = 0
 []


Underfull \hbox (badness 10000) in paragraph at lines 461--464

 []

[7]
Underfull \hbox (badness 3758) in paragraph at lines 514--518
$\OML/cmm/m/it/12 W\OT1/cmr/m/n/12 (\OML/cmm/m/it/12 n \OT1/cmr/m/n/12 + 1) = \
OML/cmm/m/it/12 W\OT1/cmr/m/n/12 (\OML/cmm/m/it/12 n\OT1/cmr/m/n/12 ) + \OML/cm
m/m/it/12 ^^V[]\OT1/cmr/m/n/12 [\OML/cmm/m/it/12 I\OT1/cmr/m/n/12 (\OML/cmm/m/i
t/12 n\OT1/cmr/m/n/12 ) \OMS/cmsy/m/n/12 ^^@
 []

File: ./figs/figure3.eps Graphic file (type eps)
<./figs/figure3.eps>
Missing character: There is no â in font ptmr7t!
Missing character: There is no ˆ in font ptmr7t!
Missing character: There is no ’ in font ptmr7t!
 [8]
Underfull \hbox (badness 1701) in paragraph at lines 554--555
[]\OT1/ptm/m/n/12 Experiment with dif-fer-ent vari-ance for
 []

Missing character: There is no â in font ptmr7t!
Missing character: There is no € in font ptmr7t!
Missing character: There is no ™ in font ptmr7t!

Underfull \hbox (badness 4634) in paragraph at lines 574--582
[]\OT1/ptm/m/n/12 BPSK data sym-bols and chan-nel as
 []


Overfull \hbox (13.42996pt too wide) in paragraph at lines 574--582
$\OML/cmm/m/it/12 h\OT1/cmr/m/n/12 (\OML/cmm/m/it/12 n\OT1/cmr/m/n/12 ) = []$ 
 []

Missing character: There is no â in font ptmr7t!
Missing character: There is no € in font ptmr7t!
Missing character: There is no ™ in font ptmr7t!

Underfull \hbox (badness 3646) in paragraph at lines 591--596
\OT1/ptm/m/n/12 In all cases spec-ify the vari-ance of
 []


Underfull \hbox (badness 6236) in paragraph at lines 591--596
\OT1/ptm/m/n/12 sim-u-la-tion where one had used the
 []


Underfull \hbox (badness 10000) in paragraph at lines 591--596

 []

[9] [10

] (./homework.aux) ) 
Here is how much of TeX's memory you used:
 2537 strings out of 494946
 37149 string characters out of 6181058
 102940 words of memory out of 5000000
 5831 multiletter control sequences out of 15000+600000
 30717 words of font info for 81 fonts, out of 8000000 for 9000
 14 hyphenation exceptions out of 8191
 32i,16n,26p,504b,370s stack positions out of 5000i,500n,10000p,200000b,80000s

Output written on homework.dvi (10 pages, 51260 bytes).
